Dec 07, 2018 2:14:00 PM org.apache.catalina.startup.VersionLoggerListener log
INFO: Server version:        Apache Tomcat (TomEE)/7.0.81 (1.7.5)
Dec 07, 2018 2:14:00 PM org.apache.catalina.startup.VersionLoggerListener log
INFO: Server built:          Aug 11 2017 10:21:27 UTC
Dec 07, 2018 2:14:00 PM org.apache.catalina.startup.VersionLoggerListener log
INFO: Server number:         7.0.81.0
Dec 07, 2018 2:14:00 PM org.apache.catalina.startup.VersionLoggerListener log
INFO: OS Name:               Windows 8.1
Dec 07, 2018 2:14:00 PM org.apache.catalina.startup.VersionLoggerListener log
INFO: OS Version:            6.3
Dec 07, 2018 2:14:00 PM org.apache.catalina.startup.VersionLoggerListener log
INFO: Architecture:          amd64
Dec 07, 2018 2:14:00 PM org.apache.catalina.startup.VersionLoggerListener log
INFO: Java Home:             C:\Program Files\Java\jdk1.8.0_192\jre
Dec 07, 2018 2:14:00 PM org.apache.catalina.startup.VersionLoggerListener log
INFO: JVM Version:           1.8.0_192-b12
Dec 07, 2018 2:14:00 PM org.apache.catalina.startup.VersionLoggerListener log
INFO: JVM Vendor:            Oracle Corporation
Dec 07, 2018 2:14:00 PM org.apache.catalina.startup.VersionLoggerListener log
INFO: CATALINA_BASE:         C:\Users\i827177\OpenSAP\address-manager\application\target\apache-tomee
Dec 07, 2018 2:14:00 PM org.apache.catalina.startup.VersionLoggerListener log
INFO: CATALINA_HOME:         C:\Users\i827177\OpenSAP\address-manager\application\target\apache-tomee
Dec 07, 2018 2:14:00 PM org.apache.catalina.startup.VersionLoggerListener log
INFO: Command line argument: -XX:+HeapDumpOnOutOfMemoryError
Dec 07, 2018 2:14:00 PM org.apache.catalina.startup.VersionLoggerListener log
INFO: Command line argument: -Dorg.apache.catalina.STRICT_SERVLET_COMPLIANCE=false
Dec 07, 2018 2:14:00 PM org.apache.catalina.startup.VersionLoggerListener log
INFO: Command line argument: -Dopenejb.session.manager=org.apache.tomee.catalina.session.QuickSessionManager
Dec 07, 2018 2:14:00 PM org.apache.catalina.startup.VersionLoggerListener log
INFO: Command line argument: -Dtomee.remote.support=true
Dec 07, 2018 2:14:00 PM org.apache.catalina.startup.VersionLoggerListener log
INFO: Command line argument: -Dopenejb.system.apps=false
Dec 07, 2018 2:14:00 PM org.apache.catalina.startup.VersionLoggerListener log
INFO: Command line argument: -Djava.util.logging.config.file=C:\Users\i827177\OpenSAP\address-manager\application\target\apache-tomee\conf\logging.properties
Dec 07, 2018 2:14:00 PM org.apache.catalina.startup.VersionLoggerListener log
INFO: Command line argument: -javaagent:C:\Users\i827177\OpenSAP\address-manager\application\target\apache-tomee\lib\openejb-javaagent.jar
Dec 07, 2018 2:14:00 PM org.apache.catalina.startup.VersionLoggerListener log
INFO: Command line argument: -Djava.util.logging.manager=org.apache.juli.ClassLoaderLogManager
Dec 07, 2018 2:14:00 PM org.apache.catalina.startup.VersionLoggerListener log
INFO: Command line argument: -Djava.io.tmpdir=C:\Users\i827177\OpenSAP\address-manager\application\target\apache-tomee\temp
Dec 07, 2018 2:14:00 PM org.apache.catalina.startup.VersionLoggerListener log
INFO: Command line argument: -Djava.endorsed.dirs=C:\Users\i827177\OpenSAP\address-manager\application\target\apache-tomee\endorsed
Dec 07, 2018 2:14:00 PM org.apache.catalina.startup.VersionLoggerListener log
INFO: Command line argument: -Dcatalina.base=C:\Users\i827177\OpenSAP\address-manager\application\target\apache-tomee
Dec 07, 2018 2:14:00 PM org.apache.catalina.startup.VersionLoggerListener log
INFO: Command line argument: -Dcatalina.home=C:\Users\i827177\OpenSAP\address-manager\application\target\apache-tomee
Dec 07, 2018 2:14:00 PM org.apache.catalina.startup.VersionLoggerListener log
INFO: Command line argument: -Dcatalina.ext.dirs=C:\Users\i827177\OpenSAP\address-manager\application\target\apache-tomee\lib
Dec 07, 2018 2:14:00 PM org.apache.catalina.startup.VersionLoggerListener log
INFO: Command line argument: -Dorg.apache.tomcat.util.http.ServerCookie.ALLOW_HTTP_SEPARATORS_IN_V0=true
Dec 07, 2018 2:14:00 PM org.apache.catalina.startup.VersionLoggerListener log
INFO: Command line argument: -ea
Dec 07, 2018 2:14:00 PM org.apache.catalina.core.AprLifecycleListener lifecycleEvent
INFO: The APR based Apache Tomcat Native library which allows optimal performance in production environments was not found on the java.library.path: C:\Program Files\Java\jdk1.8.0_192\jre\bin;C:\windows\Sun\Java\bin;C:\windows\system32;C:\windows;C:\ProgramFiles\apache-maven-3.6.0\bin;C:\Sybase157\ASE-15_0\jobscheduler\bin;C:\Sybase157\ASE-15_0\dll;C:\Sybase157\ASE-15_0\bin;C:\Sybase157\SCC-3_3\bin;C:\Sybase157\DBISQL\bin;C:\Sybase157\DataAccess64\ADONET\dll;C:\Sybase157\DataAccess\ADONET\dll;C:\Sybase157\DataAccess64\ODBC\dll;C:\Sybase157\DataAccess\ODBC\dll;C:\Sybase157\OCS-15_0\lib3p64;C:\Sybase157\OCS-15_0\lib3p;C:\Sybase157\OCS-15_0\dll;C:\Sybase157\OCS-15_0\bin;C:\Program Files (x86)\Common Files\Oracle\Java\javapath;C:\SAP\REP-15_5\lib3p64\log4cxx\lib;C:\SAP\REP-15_5\connector\lib;C:\SAP\REP-15_5\bin;C:\SAP\ASE-16_0\jobscheduler\bin;C:\SAP\ASE-16_0\dll;C:\SAP\ASE-16_0\bin;C:\SAP\COCKPIT-4\bin;C:\SAP\DataAccess64\ADONET\dll;C:\SAP\DataAccess\ADONET\dll;C:\SAP\DataAccess64\ODBC\dll;C:\SAP\DataAccess\ODBC\dll;C:\SAP\OCS-16_0\lib3p64;C:\SAP\OCS-16_0\lib3p;C:\SAP\OCS-16_0\dll;C:\SAP\OCS-16_0\bin;C:\ProgramData\Oracle\Java\javapath;C:\windows\system32;C:\windows;C:\windows\System32\Wbem;C:\windows\System32\WindowsPowerShell\v1.0\;C:\Program Files (x86)\QuickTime\QTSystem\;C:\Program Files\SQL Anywhere 17\bin64;C:\Program Files\SQL Anywhere 17\bin32;C:\Program Files\Microsoft DNX\Dnvm\;C:\Program Files (x86)\Windows Kits\8.1\Windows Performance Toolkit\;C:\Program Files (x86)\PuTTY\;C:\Sybase157\ASE-15_0\jobscheduler\bin;C:\Sybase157\ASE-15_0\dll;C:\Sybase157\ASE-15_0\bin;C:\Sybase157\SCC-3_3\bin;C:\Sybase157\DBISQL\bin;C:\Sybase157\DataAccess64\ADONET\dll;C:\Sybase157\DataAccess\ADONET\dll;C:\Sybase157\DataAccess64\ODBC\dll;C:\Sybase157\DataAccess\ODBC\dll;C:\Sybase157\OCS-15_0\lib3p64;C:\Sybase157\OCS-15_0\lib3p;C:\Sybase157\OCS-15_0\dll;C:\Sybase157\OCS-15_0\bin;C:\Program Files (x86)\Common Files\Oracle\Java\javapath;C:\SAP\REP-15_5\lib3p64\log4cxx\lib;C:\SAP\REP-15_5\connector\lib;C:\SAP\REP-15_5\bin;C:\SAP\ASE-16_0\jobscheduler\bin;C:\SAP\ASE-16_0\dll;C:\SAP\ASE-16_0\bin;C:\SAP\COCKPIT-4\bin;C:\SAP\DataAccess64\ADONET\dll;C:\SAP\DataAccess\ADONET\dll;C:\SAP\DataAccess64\ODBC\dll;C:\SAP\DataAccess\ODBC\dll;C:\SAP\OCS-16_0\lib3p64;C:\SAP\OCS-16_0\lib3p;C:\SAP\OCS-16_0\dll;C:\SAP\OCS-16_0\bin;C:\ProgramData\Oracle\Java\javapath;C:\windows\system32;C:\windows;C:\windows\System32\Wbem;C:\windows\System32\WindowsPowerShell\v1.0\;C:\Program Files (x86)\QuickTime\QTSystem\;C:\Program Files\SQL Anywhere 17\bin64;C:\Program Files\SQL Anywhere 17\bin32;C:\Program Files\Microsoft DNX\Dnvm\;C:\Program Files (x86)\Windows Kits\8.1\Windows Performance Toolkit\;C:\Program Files (x86)\PuTTY\;C:\ProgramFiles\Git\cmd;C:\ProgramFiles\Cloud Foundry;.
Dec 07, 2018 2:14:01 PM org.apache.coyote.AbstractProtocol init
INFO: Initializing ProtocolHandler ["http-bio-8080"]
Dec 07, 2018 2:14:01 PM org.apache.coyote.AbstractProtocol init
INFO: Initializing ProtocolHandler ["ajp-bio-8009"]
Dec 07, 2018 2:14:02 PM org.apache.openejb.util.OptionsLog info
INFO: Using 'tomee.remote.support=true'
Dec 07, 2018 2:14:02 PM org.apache.openejb.util.OptionsLog info
INFO: Using 'openejb.jdbc.datasource-creator=org.apache.tomee.jdbc.TomEEDataSourceCreator'
Dec 07, 2018 2:14:02 PM org.apache.openejb.OpenEJB$Instance <init>
INFO: ********************************************************************************
Dec 07, 2018 2:14:02 PM org.apache.openejb.OpenEJB$Instance <init>
INFO: OpenEJB http://tomee.apache.org/
Dec 07, 2018 2:14:02 PM org.apache.openejb.OpenEJB$Instance <init>
INFO: Startup: Fri Dec 07 14:14:02 EST 2018
Dec 07, 2018 2:14:02 PM org.apache.openejb.OpenEJB$Instance <init>
INFO: Copyright 1999-2015 (C) Apache OpenEJB/TomEE Project, All Rights Reserved.
Dec 07, 2018 2:14:02 PM org.apache.openejb.OpenEJB$Instance <init>
INFO: Version: 4.7.5
Dec 07, 2018 2:14:02 PM org.apache.openejb.OpenEJB$Instance <init>
INFO: Build date: 20170927
Dec 07, 2018 2:14:02 PM org.apache.openejb.OpenEJB$Instance <init>
INFO: Build time: 12:02
Dec 07, 2018 2:14:02 PM org.apache.openejb.OpenEJB$Instance <init>
INFO: ********************************************************************************
Dec 07, 2018 2:14:02 PM org.apache.openejb.OpenEJB$Instance <init>
INFO: openejb.home = C:\Users\i827177\OpenSAP\address-manager\application\target\apache-tomee
Dec 07, 2018 2:14:02 PM org.apache.openejb.OpenEJB$Instance <init>
INFO: openejb.base = C:\Users\i827177\OpenSAP\address-manager\application\target\apache-tomee
Dec 07, 2018 2:14:02 PM org.apache.openejb.cdi.CdiBuilder initializeOWB
INFO: Created new singletonService org.apache.openejb.cdi.ThreadSingletonServiceImpl@51b279c9
Dec 07, 2018 2:14:02 PM org.apache.openejb.cdi.CdiBuilder initializeOWB
INFO: Succeeded in installing singleton service
Dec 07, 2018 2:14:02 PM org.apache.openejb.config.ConfigurationFactory init
INFO: openejb configuration file is 'C:\Users\i827177\OpenSAP\address-manager\application\target\apache-tomee\conf\tomee.xml'
Dec 07, 2018 2:14:02 PM org.apache.openejb.config.ConfigurationFactory configureService
INFO: Configuring Service(id=Tomcat Security Service, type=SecurityService, provider-id=Tomcat Security Service)
Dec 07, 2018 2:14:02 PM org.apache.openejb.config.ConfigurationFactory configureService
INFO: Configuring Service(id=Default Transaction Manager, type=TransactionManager, provider-id=Default Transaction Manager)
Dec 07, 2018 2:14:02 PM org.apache.openejb.util.OptionsLog info
INFO: Using 'openejb.system.apps=false'
Dec 07, 2018 2:14:02 PM org.apache.openejb.util.OptionsLog info
INFO: Using 'openejb.deployments.classpath=false'
Dec 07, 2018 2:14:02 PM org.apache.openejb.assembler.classic.Assembler createRecipe
INFO: Creating TransactionManager(id=Default Transaction Manager)
Dec 07, 2018 2:14:02 PM org.apache.openejb.assembler.classic.Assembler createRecipe
INFO: Creating SecurityService(id=Tomcat Security Service)
Dec 07, 2018 2:14:03 PM org.apache.openejb.server.ServiceManager initServer
INFO: Creating ServerService(id=cxf-rs)
Dec 07, 2018 2:14:03 PM org.apache.openejb.server.SimpleServiceManager start
INFO:   ** Bound Services **
Dec 07, 2018 2:14:03 PM org.apache.openejb.server.SimpleServiceManager printRow
INFO:   NAME                 IP              PORT  
Dec 07, 2018 2:14:03 PM org.apache.openejb.server.SimpleServiceManager start
INFO: -------
Dec 07, 2018 2:14:03 PM org.apache.openejb.server.SimpleServiceManager start
INFO: Ready!
Dec 07, 2018 2:14:03 PM org.apache.catalina.startup.Catalina load
INFO: Initialization processed in 3956 ms
Dec 07, 2018 2:14:03 PM org.apache.tomee.catalina.OpenEJBNamingContextListener bindResource
INFO: Importing a Tomcat Resource with id 'UserDatabase' of type 'org.apache.catalina.UserDatabase'.
Dec 07, 2018 2:14:03 PM org.apache.openejb.assembler.classic.Assembler createRecipe
INFO: Creating Resource(id=UserDatabase)
Dec 07, 2018 2:14:03 PM org.apache.catalina.core.StandardService startInternal
INFO: Starting service Catalina
Dec 07, 2018 2:14:03 PM org.apache.catalina.core.StandardEngine startInternal
INFO: Starting Servlet Engine: Apache Tomcat (TomEE)/7.0.81 (1.7.5)
Dec 07, 2018 2:14:03 PM org.apache.catalina.startup.HostConfig deployWAR
INFO: Deploying web application archive C:\Users\i827177\OpenSAP\address-manager\application\target\apache-tomee\webapps\ROOT.war
Dec 07, 2018 2:14:03 PM org.apache.tomee.catalina.TomcatWebAppBuilder init
INFO: ------------------------- localhost -> /
Dec 07, 2018 2:14:03 PM org.apache.openejb.util.JarExtractor extract
INFO: Extracting jar: C:\Users\i827177\OpenSAP\address-manager\application\target\apache-tomee\webapps\ROOT.war
Dec 07, 2018 2:14:06 PM org.apache.openejb.util.JarExtractor extract
INFO: Extracted path: C:\Users\i827177\OpenSAP\address-manager\application\target\apache-tomee\webapps\ROOT
Dec 07, 2018 2:14:06 PM org.apache.openejb.util.OptionsLog info
INFO: Using 'openejb.session.manager=org.apache.tomee.catalina.session.QuickSessionManager'
Dec 07, 2018 2:14:10 PM org.apache.openejb.config.ConfigurationFactory configureApplication
INFO: Configuring enterprise application: C:\Users\i827177\OpenSAP\address-manager\application\target\apache-tomee\webapps\ROOT
Dec 07, 2018 2:14:11 PM org.apache.openejb.config.ConfigurationFactory configureService
INFO: Configuring Service(id=Default Managed Container, type=Container, provider-id=Default Managed Container)
Dec 07, 2018 2:14:11 PM org.apache.openejb.config.AutoConfig createContainer
INFO: Auto-creating a container for bean .Comp522354712: Container(type=MANAGED, id=Default Managed Container)
Dec 07, 2018 2:14:11 PM org.apache.openejb.assembler.classic.Assembler createRecipe
INFO: Creating Container(id=Default Managed Container)
Dec 07, 2018 2:14:11 PM org.apache.openejb.core.managed.SimplePassivater init
INFO: Using directory C:\Users\i827177\OpenSAP\address-manager\application\target\apache-tomee\temp for stateful session passivation
Dec 07, 2018 2:14:11 PM org.apache.openejb.config.AppInfoBuilder build
INFO: Enterprise application "C:\Users\i827177\OpenSAP\address-manager\application\target\apache-tomee\webapps\ROOT" loaded.
Dec 07, 2018 2:14:11 PM org.apache.openejb.assembler.classic.Assembler createApplication
INFO: Assembling app: C:\Users\i827177\OpenSAP\address-manager\application\target\apache-tomee\webapps\ROOT
Dec 07, 2018 2:14:11 PM org.apache.openejb.cdi.CdiBuilder initSingleton
INFO: Existing thread singleton service in SystemInstance(): org.apache.openejb.cdi.ThreadSingletonServiceImpl@51b279c9
Dec 07, 2018 2:14:12 PM org.apache.openejb.cdi.OpenEJBLifecycle startApplication
INFO: OpenWebBeans Container is starting...
Dec 07, 2018 2:14:12 PM org.apache.webbeans.plugins.PluginLoader startUp
INFO: Adding OpenWebBeansPlugin : [CdiPlugin]
Dec 07, 2018 2:14:12 PM org.apache.webbeans.plugins.PluginLoader startUp
INFO: Adding OpenWebBeansPlugin : [OpenWebBeansJsfPlugin]
Dec 07, 2018 2:14:20 PM org.apache.webbeans.config.BeansDeployer deploySingleAnnotatedType
INFO: Skipping deployment of Class class com.sap.cloud.sdk.cloudplatform.auditlog.ScpCfAuditLogdue to a NoClassDefFoundError: com/sap/xs/audit/api/exception/AuditLogNotAvailableException
Dec 07, 2018 2:14:24 PM org.apache.webbeans.config.BeansDeployer validateInjectionPoints
INFO: All injection points were validated successfully.
Dec 07, 2018 2:14:24 PM org.apache.openejb.cdi.OpenEJBLifecycle startApplication
INFO: OpenWebBeans Container has started, it took 12717 ms.
Dec 07, 2018 2:14:24 PM org.apache.openejb.assembler.classic.Assembler createApplication
INFO: Deployed Application(path=C:\Users\i827177\OpenSAP\address-manager\application\target\apache-tomee\webapps\ROOT)
Dec 07, 2018 2:14:27 PM org.apache.catalina.startup.HostConfig deployWAR
INFO: Deployment of web application archive C:\Users\i827177\OpenSAP\address-manager\application\target\apache-tomee\webapps\ROOT.war has finished in 23,504 ms
Dec 07, 2018 2:14:27 PM org.apache.coyote.AbstractProtocol start
INFO: Starting ProtocolHandler ["http-bio-8080"]
Dec 07, 2018 2:14:27 PM org.apache.coyote.AbstractProtocol start
INFO: Starting ProtocolHandler ["ajp-bio-8009"]
Dec 07, 2018 2:14:27 PM org.apache.catalina.startup.Catalina start
INFO: Server startup in 23759 ms
